# JRE version: OpenJDK Runtime Environment Temurin-21.0.8+9 (21.0.8+9) (build 21.0.8+9-LTS)
# Java VM: OpenJDK 64-Bit Server VM Temurin-21.0.8+9 (21.0.8+9-LTS, mixed mode, sharing, tiered, compressed oops, compressed class ptrs, parallel gc, windows-amd64)
GC Precious Log:
 CardTable entry size: 512
 CPUs: 14 total, 14 available
 Memory: 32212M
 Large Page Support: Disabled
 NUMA Support: Disabled
 Compressed Oops: Enabled (32-bit)
 Alignments: Space 512K, Generation 512K, Heap 2M
 Heap Min Capacity: 100M
 Heap Initial Capacity: 100M
 Heap Max Capacity: 2G
 Pre-touch: Disabled
 Parallel Workers: 11
Heap:
 PSYoungGen      total 7168K, used 5920K [0x00000000d5580000, 0x00000000d5e80000, 0x0000000100000000)
  eden space 6656K, 86% used [0x00000000d5580000,0x00000000d5b203d8,0x00000000d5c00000)
  from space 512K, 31% used [0x00000000d5e00000,0x00000000d5e28000,0x00000000d5e80000)
  to   space 512K, 0% used [0x00000000d5d00000,0x00000000d5d00000,0x00000000d5d80000)
 ParOldGen       total 841728K, used 841659K [0x0000000080000000, 0x00000000b3600000, 0x00000000d5580000)
  object space 841728K, 99% used [0x0000000080000000,0x00000000b35eef90,0x00000000b3600000)
 Metaspace       used 103754K, committed 105472K, reserved 1179648K
  class space    used 10083K, committed 10944K, reserved 1048576K
GC Heap History (20 events):
Event: 470703.892 GC heap before
{Heap before GC invocations=28101 (full 34):
 PSYoungGen      total 8704K, used 8352K [0x00000000d5580000, 0x00000000d5f80000, 0x0000000100000000)
  eden space 7680K, 100% used [0x00000000d5580000,0x00000000d5d00000,0x00000000d5d00000)
  from space 1024K, 65% used [0x00000000d5e80000,0x00000000d5f28000,0x00000000d5f80000)
  to   space 1024K, 0% used [0x00000000d5d80000,0x00000000d5d80000,0x00000000d5e80000)
 ParOldGen       total 836608K, used 836471K [0x0000000080000000, 0x00000000b3100000, 0x00000000d5580000)
  object space 836608K, 99% used [0x0000000080000000,0x00000000b30dde68,0x00000000b3100000)
 Metaspace       used 103754K, committed 105472K, reserved 1179648K
  class space    used 10083K, committed 10944K, reserved 1048576K
}
Event: 470703.894 GC heap after
{Heap after GC invocations=28101 (full 34):
 PSYoungGen      total 8704K, used 704K [0x00000000d5580000, 0x00000000d5f00000, 0x0000000100000000)
  eden space 7680K, 0% used [0x00000000d5580000,0x00000000d5580000,0x00000000d5d00000)
  from space 1024K, 68% used [0x00000000d5d80000,0x00000000d5e30000,0x00000000d5e80000)
  to   space 512K, 0% used [0x00000000d5e80000,0x00000000d5e80000,0x00000000d5f00000)
 ParOldGen       total 837120K, used 837003K [0x0000000080000000, 0x00000000b3180000, 0x00000000d5580000)
  object space 837120K, 99% used [0x0000000080000000,0x00000000b3162d70,0x00000000b3180000)
 Metaspace       used 103754K, committed 105472K, reserved 1179648K
  class space    used 10083K, committed 10944K, reserved 1048576K
}
Event: 470703.917 GC heap before
{Heap before GC invocations=28102 (full 34):
 PSYoungGen      total 8704K, used 8384K [0x00000000d5580000, 0x00000000d5f00000, 0x0000000100000000)
  eden space 7680K, 100% used [0x00000000d5580000,0x00000000d5d00000,0x00000000d5d00000)
  from space 1024K, 68% used [0x00000000d5d80000,0x00000000d5e30000,0x00000000d5e80000)
  to   space 512K, 0% used [0x00000000d5e80000,0x00000000d5e80000,0x00000000d5f00000)
 ParOldGen       total 837120K, used 837003K [0x0000000080000000, 0x00000000b3180000, 0x00000000d5580000)
  object space 837120K, 99% used [0x0000000080000000,0x00000000b3162d70,0x00000000b3180000)
 Metaspace       used 103754K, committed 105472K, reserved 1179648K
  class space    used 10083K, committed 10944K, reserved 1048576K
}
Event: 470703.919 GC heap after
{Heap after GC invocations=28102 (full 34):
 PSYoungGen      total 8192K, used 512K [0x00000000d5580000, 0x00000000d6000000, 0x0000000100000000)
  eden space 7680K, 0% used [0x00000000d5580000,0x00000000d5580000,0x00000000d5d00000)
  from space 512K, 100% used [0x00000000d5e80000,0x00000000d5f00000,0x00000000d5f00000)
  to   space 1536K, 0% used [0x00000000d5d00000,0x00000000d5d00000,0x00000000d5e80000)
 ParOldGen       total 837632K, used 837572K [0x0000000080000000, 0x00000000b3200000, 0x00000000d5580000)
  object space 837632K, 99% used [0x0000000080000000,0x00000000b31f12e0,0x00000000b3200000)
 Metaspace       used 103754K, committed 105472K, reserved 1179648K
  class space    used 10083K, committed 10944K, reserved 1048576K
}
Event: 470704.044 GC heap before
{Heap before GC invocations=28103 (full 34):
 PSYoungGen      total 8192K, used 8192K [0x00000000d5580000, 0x00000000d6000000, 0x0000000100000000)
  eden space 7680K, 100% used [0x00000000d5580000,0x00000000d5d00000,0x00000000d5d00000)
  from space 512K, 100% used [0x00000000d5e80000,0x00000000d5f00000,0x00000000d5f00000)
  to   space 1536K, 0% used [0x00000000d5d00000,0x00000000d5d00000,0x00000000d5e80000)
 ParOldGen       total 837632K, used 837572K [0x0000000080000000, 0x00000000b3200000, 0x00000000d5580000)
  object space 837632K, 99% used [0x0000000080000000,0x00000000b31f12e0,0x00000000b3200000)
 Metaspace       used 103754K, committed 105472K, reserved 1179648K
  class space    used 10083K, committed 10944K, reserved 1048576K
}
Event: 470704.046 GC heap after
{Heap after GC invocations=28103 (full 34):
 PSYoungGen      total 8704K, used 864K [0x00000000d5580000, 0x00000000d5f00000, 0x0000000100000000)
  eden space 7680K, 0% used [0x00000000d5580000,0x00000000d5580000,0x00000000d5d00000)
  from space 1024K, 84% used [0x00000000d5d00000,0x00000000d5dd8020,0x00000000d5e00000)
  to   space 1024K, 0% used [0x00000000d5e00000,0x00000000d5e00000,0x00000000d5f00000)
 ParOldGen       total 838144K, used 838060K [0x0000000080000000, 0x00000000b3280000, 0x00000000d5580000)
  object space 838144K, 99% used [0x0000000080000000,0x00000000b326b320,0x00000000b3280000)
 Metaspace       used 103754K, committed 105472K, reserved 1179648K
  class space    used 10083K, committed 10944K, reserved 1048576K
}
Event: 470704.165 GC heap before
{Heap before GC invocations=28104 (full 34):
 PSYoungGen      total 8704K, used 8195K [0x00000000d5580000, 0x00000000d5f00000, 0x0000000100000000)
  eden space 7680K, 95% used [0x00000000d5580000,0x00000000d5ca8c20,0x00000000d5d00000)
  from space 1024K, 84% used [0x00000000d5d00000,0x00000000d5dd8020,0x00000000d5e00000)
  to   space 1024K, 0% used [0x00000000d5e00000,0x00000000d5e00000,0x00000000d5f00000)
 ParOldGen       total 838144K, used 838060K [0x0000000080000000, 0x00000000b3280000, 0x00000000d5580000)
  object space 838144K, 99% used [0x0000000080000000,0x00000000b326b320,0x00000000b3280000)
 Metaspace       used 103754K, committed 105472K, reserved 1179648K
  class space    used 10083K, committed 10944K, reserved 1048576K
}
Event: 470704.167 GC heap after
{Heap after GC invocations=28104 (full 34):
 PSYoungGen      total 7680K, used 1015K [0x00000000d5580000, 0x00000000d6100000, 0x0000000100000000)
  eden space 6656K, 0% used [0x00000000d5580000,0x00000000d5580000,0x00000000d5c00000)
  from space 1024K, 99% used [0x00000000d5e00000,0x00000000d5efddd0,0x00000000d5f00000)
  to   space 2048K, 0% used [0x00000000d5c00000,0x00000000d5c00000,0x00000000d5e00000)
 ParOldGen       total 839168K, used 838788K [0x0000000080000000, 0x00000000b3380000, 0x00000000d5580000)
  object space 839168K, 99% used [0x0000000080000000,0x00000000b33213b0,0x00000000b3380000)
 Metaspace       used 103754K, committed 105472K, reserved 1179648K
  class space    used 10083K, committed 10944K, reserved 1048576K
}
Event: 470704.213 GC heap before
{Heap before GC invocations=28105 (full 34):
 PSYoungGen      total 7680K, used 7454K [0x00000000d5580000, 0x00000000d6100000, 0x0000000100000000)
  eden space 6656K, 96% used [0x00000000d5580000,0x00000000d5bc9cc0,0x00000000d5c00000)
  from space 1024K, 99% used [0x00000000d5e00000,0x00000000d5efddd0,0x00000000d5f00000)
  to   space 2048K, 0% used [0x00000000d5c00000,0x00000000d5c00000,0x00000000d5e00000)
 ParOldGen       total 839168K, used 838788K [0x0000000080000000, 0x00000000b3380000, 0x00000000d5580000)
  object space 839168K, 99% used [0x0000000080000000,0x00000000b33213b0,0x00000000b3380000)
 Metaspace       used 103754K, committed 105472K, reserved 1179648K
  class space    used 10083K, committed 10944K, reserved 1048576K
}
Event: 470704.215 GC heap after
{Heap after GC invocations=28105 (full 34):
 PSYoungGen      total 8704K, used 1981K [0x00000000d5580000, 0x00000000d6100000, 0x0000000100000000)
  eden space 6656K, 0% used [0x00000000d5580000,0x00000000d5580000,0x00000000d5c00000)
  from space 2048K, 96% used [0x00000000d5c00000,0x00000000d5def5c0,0x00000000d5e00000)
  to   space 2560K, 0% used [0x00000000d5e80000,0x00000000d5e80000,0x00000000d6100000)
 ParOldGen       total 840192K, used 840186K [0x0000000080000000, 0x00000000b3480000, 0x00000000d5580000)
  object space 840192K, 99% used [0x0000000080000000,0x00000000b347e980,0x00000000b3480000)
 Metaspace       used 103754K, committed 105472K, reserved 1179648K
  class space    used 10083K, committed 10944K, reserved 1048576K
}
Event: 470704.288 GC heap before
{Heap before GC invocations=28106 (full 34):
 PSYoungGen      total 8704K, used 7703K [0x00000000d5580000, 0x00000000d6100000, 0x0000000100000000)
  eden space 6656K, 85% used [0x00000000d5580000,0x00000000d5b16930,0x00000000d5c00000)
  from space 2048K, 96% used [0x00000000d5c00000,0x00000000d5def5c0,0x00000000d5e00000)
  to   space 2560K, 0% used [0x00000000d5e80000,0x00000000d5e80000,0x00000000d6100000)
 ParOldGen       total 840192K, used 840186K [0x0000000080000000, 0x00000000b3480000, 0x00000000d5580000)
  object space 840192K, 99% used [0x0000000080000000,0x00000000b347e980,0x00000000b3480000)
 Metaspace       used 103754K, committed 105472K, reserved 1179648K
  class space    used 10083K, committed 10944K, reserved 1048576K
}
Event: 470704.290 GC heap after
{Heap after GC invocations=28106 (full 34):
 PSYoungGen      total 8192K, used 1212K [0x00000000d5580000, 0x00000000d6000000, 0x0000000100000000)
  eden space 6656K, 0% used [0x00000000d5580000,0x00000000d5580000,0x00000000d5c00000)
  from space 1536K, 78% used [0x00000000d5e80000,0x00000000d5faf228,0x00000000d6000000)
  to   space 1536K, 0% used [0x00000000d5d00000,0x00000000d5d00000,0x00000000d5e80000)
 ParOldGen       total 840704K, used 840384K [0x0000000080000000, 0x00000000b3500000, 0x00000000d5580000)
  object space 840704K, 99% used [0x0000000080000000,0x00000000b34b00a8,0x00000000b3500000)
 Metaspace       used 103754K, committed 105472K, reserved 1179648K
  class space    used 10083K, committed 10944K, reserved 1048576K
}
Event: 475170.107 GC heap before
{Heap before GC invocations=28107 (full 34):
 PSYoungGen      total 8192K, used 7868K [0x00000000d5580000, 0x00000000d6000000, 0x0000000100000000)
  eden space 6656K, 99% used [0x00000000d5580000,0x00000000d5bffff8,0x00000000d5c00000)
  from space 1536K, 78% used [0x00000000d5e80000,0x00000000d5faf228,0x00000000d6000000)
  to   space 1536K, 0% used [0x00000000d5d00000,0x00000000d5d00000,0x00000000d5e80000)
 ParOldGen       total 840704K, used 840384K [0x0000000080000000, 0x00000000b3500000, 0x00000000d5580000)
  object space 840704K, 99% used [0x0000000080000000,0x00000000b34b00a8,0x00000000b3500000)
 Metaspace       used 103754K, committed 105472K, reserved 1179648K
  class space    used 10083K, committed 10944K, reserved 1048576K
}
Event: 475170.110 GC heap after
{Heap after GC invocations=28107 (full 34):
 PSYoungGen      total 7168K, used 396K [0x00000000d5580000, 0x00000000d5f00000, 0x0000000100000000)
  eden space 6656K, 0% used [0x00000000d5580000,0x00000000d5580000,0x00000000d5c00000)
  from space 512K, 77% used [0x00000000d5d00000,0x00000000d5d633e8,0x00000000d5d80000)
  to   space 1024K, 0% used [0x00000000d5e00000,0x00000000d5e00000,0x00000000d5f00000)
 ParOldGen       total 841728K, used 841438K [0x0000000080000000, 0x00000000b3600000, 0x00000000d5580000)
  object space 841728K, 99% used [0x0000000080000000,0x00000000b35b7ba8,0x00000000b3600000)
 Metaspace       used 103754K, committed 105472K, reserved 1179648K
  class space    used 10083K, committed 10944K, reserved 1048576K
}
Event: 488554.107 GC heap before
{Heap before GC invocations=28108 (full 34):
 PSYoungGen      total 7168K, used 7052K [0x00000000d5580000, 0x00000000d5f00000, 0x0000000100000000)
  eden space 6656K, 100% used [0x00000000d5580000,0x00000000d5c00000,0x00000000d5c00000)
  from space 512K, 77% used [0x00000000d5d00000,0x00000000d5d633e8,0x00000000d5d80000)
  to   space 1024K, 0% used [0x00000000d5e00000,0x00000000d5e00000,0x00000000d5f00000)
 ParOldGen       total 841728K, used 841438K [0x0000000080000000, 0x00000000b3600000, 0x00000000d5580000)
  object space 841728K, 99% used [0x0000000080000000,0x00000000b35b7ba8,0x00000000b3600000)
 Metaspace       used 103754K, committed 105472K, reserved 1179648K
  class space    used 10083K, committed 10944K, reserved 1048576K
}
Event: 488554.110 GC heap after
{Heap after GC invocations=28108 (full 34):
 PSYoungGen      total 7168K, used 160K [0x00000000d5580000, 0x00000000d5e80000, 0x0000000100000000)
  eden space 6656K, 0% used [0x00000000d5580000,0x00000000d5580000,0x00000000d5c00000)
  from space 512K, 31% used [0x00000000d5e00000,0x00000000d5e28000,0x00000000d5e80000)
  to   space 512K, 0% used [0x00000000d5d00000,0x00000000d5d00000,0x00000000d5d80000)
 ParOldGen       total 841728K, used 841659K [0x0000000080000000, 0x00000000b3600000, 0x00000000d5580000)
  object space 841728K, 99% used [0x0000000080000000,0x00000000b35eef90,0x00000000b3600000)
 Metaspace       used 103754K, committed 105472K, reserved 1179648K
  class space    used 10083K, committed 10944K, reserved 1048576K
}
Event: 502367.103 GC heap before
{Heap before GC invocations=28109 (full 34):
 PSYoungGen      total 7168K, used 6816K [0x00000000d5580000, 0x00000000d5e80000, 0x0000000100000000)
  eden space 6656K, 100% used [0x00000000d5580000,0x00000000d5c00000,0x00000000d5c00000)
  from space 512K, 31% used [0x00000000d5e00000,0x00000000d5e28000,0x00000000d5e80000)
  to   space 512K, 0% used [0x00000000d5d00000,0x00000000d5d00000,0x00000000d5d80000)
 ParOldGen       total 841728K, used 841659K [0x0000000080000000, 0x00000000b3600000, 0x00000000d5580000)
  object space 841728K, 99% used [0x0000000080000000,0x00000000b35eef90,0x00000000b3600000)
 Metaspace       used 103754K, committed 105472K, reserved 1179648K
  class space    used 10083K, committed 10944K, reserved 1048576K
}
Event: 502367.106 GC heap after
{Heap after GC invocations=28109 (full 34):
 PSYoungGen      total 7168K, used 224K [0x00000000d5580000, 0x00000000d5e80000, 0x0000000100000000)
  eden space 6656K, 0% used [0x00000000d5580000,0x00000000d5580000,0x00000000d5c00000)
  from space 512K, 43% used [0x00000000d5d00000,0x00000000d5d38000,0x00000000d5d80000)
  to   space 512K, 0% used [0x00000000d5e00000,0x00000000d5e00000,0x00000000d5e80000)
 ParOldGen       total 841728K, used 841659K [0x0000000080000000, 0x00000000b3600000, 0x00000000d5580000)
  object space 841728K, 99% used [0x0000000080000000,0x00000000b35eef90,0x00000000b3600000)
 Metaspace       used 103754K, committed 105472K, reserved 1179648K
  class space    used 10083K, committed 10944K, reserved 1048576K
}
Event: 516170.116 GC heap before
{Heap before GC invocations=28110 (full 34):
 PSYoungGen      total 7168K, used 6880K [0x00000000d5580000, 0x00000000d5e80000, 0x0000000100000000)
  eden space 6656K, 100% used [0x00000000d5580000,0x00000000d5c00000,0x00000000d5c00000)
  from space 512K, 43% used [0x00000000d5d00000,0x00000000d5d38000,0x00000000d5d80000)
  to   space 512K, 0% used [0x00000000d5e00000,0x00000000d5e00000,0x00000000d5e80000)
 ParOldGen       total 841728K, used 841659K [0x0000000080000000, 0x00000000b3600000, 0x00000000d5580000)
  object space 841728K, 99% used [0x0000000080000000,0x00000000b35eef90,0x00000000b3600000)
 Metaspace       used 103754K, committed 105472K, reserved 1179648K
  class space    used 10083K, committed 10944K, reserved 1048576K
}
Event: 516170.118 GC heap after
{Heap after GC invocations=28110 (full 34):
 PSYoungGen      total 7168K, used 160K [0x00000000d5580000, 0x00000000d5e80000, 0x0000000100000000)
  eden space 6656K, 0% used [0x00000000d5580000,0x00000000d5580000,0x00000000d5c00000)
  from space 512K, 31% used [0x00000000d5e00000,0x00000000d5e28000,0x00000000d5e80000)
  to   space 512K, 0% used [0x00000000d5d00000,0x00000000d5d00000,0x00000000d5d80000)
 ParOldGen       total 841728K, used 841659K [0x0000000080000000, 0x00000000b3600000, 0x00000000d5580000)
  object space 841728K, 99% used [0x0000000080000000,0x00000000b35eef90,0x00000000b3600000)
 Metaspace       used 103754K, committed 105472K, reserved 1179648K
  class space    used 10083K, committed 10944K, reserved 1048576K
}

